c:\users\loke\source\repos\astralengine\editor\x64\debug\vc143.pdb
c:\users\loke\source\repos\astralengine\editor\x64\debug\vc143.idb
c:\users\loke\source\repos\astralengine\editor\x64\debug\library.obj
c:\users\loke\source\repos\astralengine\editor\x64\debug\imgui_widgets.obj
c:\users\loke\source\repos\astralengine\editor\x64\debug\imgui_tables.obj
c:\users\loke\source\repos\astralengine\editor\x64\debug\imgui_stdlib.obj
c:\users\loke\source\repos\astralengine\editor\x64\debug\imgui_impl_sdl3.obj
c:\users\loke\source\repos\astralengine\editor\x64\debug\imgui_impl_opengl3.obj
c:\users\loke\source\repos\astralengine\editor\x64\debug\imgui_impl_dx11.obj
c:\users\loke\source\repos\astralengine\editor\x64\debug\imgui_draw.obj
c:\users\loke\source\repos\astralengine\editor\x64\debug\imgui_demo.obj
c:\users\loke\source\repos\astralengine\editor\x64\debug\imgui.obj
c:\users\loke\source\repos\astralengine\editor\x64\debug\editor.obj
c:\users\loke\source\repos\astralengine\editor\x64\debug\contentbrowser.obj
c:\users\loke\source\repos\astralengine\editor\x64\debug\titlebar.obj
c:\users\loke\source\repos\astralengine\editor\x64\debug\explorer.obj
c:\users\loke\source\repos\astralengine\editor\x64\debug\performanceviewer.obj
c:\users\loke\source\repos\astralengine\editor\x64\debug\properties.obj
c:\users\loke\source\repos\astralengine\editor\x64\debug\editorview.obj
c:\users\loke\source\repos\astralengine\x64\debug\editor.exe
c:\users\loke\source\repos\astralengine\editor\x64\debug\editor.ilk
c:\users\loke\source\repos\astralengine\x64\debug\editor.pdb
c:\users\loke\source\repos\astralengine\editor\x64\debug\contentbrowser.obj.enc
c:\users\loke\source\repos\astralengine\editor\x64\debug\editor.new.obj.enc
c:\users\loke\source\repos\astralengine\editor\x64\debug\editorview.obj.enc
c:\users\loke\source\repos\astralengine\editor\x64\debug\performanceviewer.obj.enc
c:\users\loke\source\repos\astralengine\editor\x64\debug\properties.obj.enc
c:\users\loke\source\repos\astralengine\editor\x64\debug\editor.tlog\cl.command.1.tlog
c:\users\loke\source\repos\astralengine\editor\x64\debug\editor.tlog\cl.items.tlog
c:\users\loke\source\repos\astralengine\editor\x64\debug\editor.tlog\cl.read.1.tlog
c:\users\loke\source\repos\astralengine\editor\x64\debug\editor.tlog\cl.write.1.tlog
c:\users\loke\source\repos\astralengine\editor\x64\debug\editor.tlog\link-cvtres.read.1.tlog
c:\users\loke\source\repos\astralengine\editor\x64\debug\editor.tlog\link-cvtres.write.1.tlog
c:\users\loke\source\repos\astralengine\editor\x64\debug\editor.tlog\link-rc.read.1.tlog
c:\users\loke\source\repos\astralengine\editor\x64\debug\editor.tlog\link-rc.write.1.tlog
c:\users\loke\source\repos\astralengine\editor\x64\debug\editor.tlog\link.24832-cvtres.read.1.tlog
c:\users\loke\source\repos\astralengine\editor\x64\debug\editor.tlog\link.24832-cvtres.write.1.tlog
c:\users\loke\source\repos\astralengine\editor\x64\debug\editor.tlog\link.24832-rc.read.1.tlog
c:\users\loke\source\repos\astralengine\editor\x64\debug\editor.tlog\link.24832-rc.write.1.tlog
c:\users\loke\source\repos\astralengine\editor\x64\debug\editor.tlog\link.24832.read.1.tlog
c:\users\loke\source\repos\astralengine\editor\x64\debug\editor.tlog\link.24832.read.2.tlog
c:\users\loke\source\repos\astralengine\editor\x64\debug\editor.tlog\link.24832.write.1.tlog
c:\users\loke\source\repos\astralengine\editor\x64\debug\editor.tlog\link.command.1.tlog
c:\users\loke\source\repos\astralengine\editor\x64\debug\editor.tlog\link.read.1.tlog
c:\users\loke\source\repos\astralengine\editor\x64\debug\editor.tlog\link.read.2.tlog
c:\users\loke\source\repos\astralengine\editor\x64\debug\editor.tlog\link.read.3.tlog
c:\users\loke\source\repos\astralengine\editor\x64\debug\editor.tlog\link.write.1.tlog
